0 info it worked if it ends with ok
1 verbose cli [ '/home/murdock/.nvm/versions/node/v6.3.0/bin/node',
1 verbose cli   '/home/murdock/.nvm/versions/node/v6.3.0/bin/npm',
1 verbose cli   'run',
1 verbose cli   'watch' ]
2 info using npm@3.10.3
3 info using node@v6.3.0
4 verbose run-script [ 'prewatch', 'watch', 'postwatch' ]
5 info lifecycle base-style@0.0.1-alpha.1~prewatch: base-style@0.0.1-alpha.1
6 silly lifecycle base-style@0.0.1-alpha.1~prewatch: no script for prewatch, continuing
7 info lifecycle base-style@0.0.1-alpha.1~watch: base-style@0.0.1-alpha.1
8 verbose lifecycle base-style@0.0.1-alpha.1~watch: unsafe-perm in lifecycle true
9 verbose lifecycle base-style@0.0.1-alpha.1~watch: PATH: /home/murdock/.nvm/versions/node/v6.3.0/lib/node_modules/npm/bin/node-gyp-bin:/home/murdock/lab/style/base-style/node_modules/.bin:/home/murdock/.nvm/versions/node/v6.3.0/bin:/home/murdock/.nvm/versions/node/v6.3.0/bin:~/Android/Sdk/tools:~/Android/Sdk/platform-tools:/usr/lib/jvm/jdk8u91/bin:/usr/local/sbin:/usr/local/bin:/usr/sbin:/usr/bin:/sbin:/bin:/usr/games:/usr/local/games
10 verbose lifecycle base-style@0.0.1-alpha.1~watch: CWD: /home/murdock/lab/style/base-style
11 silly lifecycle base-style@0.0.1-alpha.1~watch: Args: [ '-c', 'node-sass ./base.scss -w -o _base.css' ]
12 silly lifecycle base-style@0.0.1-alpha.1~watch: Returned: code: 1  signal: null
13 info lifecycle base-style@0.0.1-alpha.1~watch: Failed to exec watch script
14 verbose stack Error: base-style@0.0.1-alpha.1 watch: `node-sass ./base.scss -w -o _base.css`
14 verbose stack Exit status 1
14 verbose stack     at EventEmitter.<anonymous> (/home/murdock/.nvm/versions/node/v6.3.0/lib/node_modules/npm/lib/utils/lifecycle.js:242:16)
14 verbose stack     at emitTwo (events.js:106:13)
14 verbose stack     at EventEmitter.emit (events.js:191:7)
14 verbose stack     at ChildProcess.<anonymous> (/home/murdock/.nvm/versions/node/v6.3.0/lib/node_modules/npm/lib/utils/spawn.js:40:14)
14 verbose stack     at emitTwo (events.js:106:13)
14 verbose stack     at ChildProcess.emit (events.js:191:7)
14 verbose stack     at maybeClose (internal/child_process.js:852:16)
14 verbose stack     at Process.ChildProcess._handle.onexit (internal/child_process.js:215:5)
15 verbose pkgid base-style@0.0.1-alpha.1
16 verbose cwd /home/murdock/lab/style/base-style
17 error Linux 3.19.0-32-generic
18 error argv "/home/murdock/.nvm/versions/node/v6.3.0/bin/node" "/home/murdock/.nvm/versions/node/v6.3.0/bin/npm" "run" "watch"
19 error node v6.3.0
20 error npm  v3.10.3
21 error code ELIFECYCLE
22 error base-style@0.0.1-alpha.1 watch: `node-sass ./base.scss -w -o _base.css`
22 error Exit status 1
23 error Failed at the base-style@0.0.1-alpha.1 watch script 'node-sass ./base.scss -w -o _base.css'.
23 error Make sure you have the latest version of node.js and npm installed.
23 error If you do, this is most likely a problem with the base-style package,
23 error not with npm itself.
23 error Tell the author that this fails on your system:
23 error     node-sass ./base.scss -w -o _base.css
23 error You can get information on how to open an issue for this project with:
23 error     npm bugs base-style
23 error Or if that isn't available, you can get their info via:
23 error     npm owner ls base-style
23 error There is likely additional logging output above.
24 verbose exit [ 1, true ]
